Arguments: 
  /Users/aedric/.nvm/versions/node/v8.16.1/bin/node /usr/local/Cellar/yarn/1.17.3/libexec/bin/yarn.js add Draggabilly

PATH: 
  /Users/aedric/.nvm/versions/node/v8.16.1/bin:/usr/local/bin:/usr/bin:/bin:/usr/sbin:/sbin:/Users/aedric/.nvm/versions/node/v8.16.1/bin

Yarn version: 
  1.17.3

Node version: 
  8.16.1

Platform: 
  darwin x64

Trace: 
  Error: https://registry.yarnpkg.com/Draggabilly: Not found
      at Request.params.callback [as _callback] (/usr/local/Cellar/yarn/1.17.3/libexec/lib/cli.js:66830:18)
      at Request.self.callback (/usr/local/Cellar/yarn/1.17.3/libexec/lib/cli.js:140464:22)
      at emitTwo (events.js:126:13)
      at Request.emit (events.js:214:7)
      at Request.<anonymous> (/usr/local/Cellar/yarn/1.17.3/libexec/lib/cli.js:141436:10)
      at emitOne (events.js:116:13)
      at Request.emit (events.js:211:7)
      at IncomingMessage.<anonymous> (/usr/local/Cellar/yarn/1.17.3/libexec/lib/cli.js:141358:12)
      at Object.onceWrapper (events.js:313:30)
      at emitNone (events.js:111:20)

npm manifest: 
  {
    "name": "c-app-home",
    "version": "1.0.0",
    "description": "pseudo-desktop",
    "main": "index.html",
    "repository": "git@github.com:Aedric/c-app-home.git",
    "author": "aedric",
    "license": " AGPL",
    "private": false
  }

yarn manifest: 
  No manifest

Lockfile: 
  No lockfile
